<?xml version="1.0" encoding="UTF-8"?>
<testsuite name="ru.nsu.belov.HeapsortTest" tests="4" skipped="0" failures="0" errors="0" timestamp="2024-09-30T07:16:45" hostname="MacBook-Air-Danil-2.local" time="0.019">
  <properties/>
  <testcase name="testSort()" classname="ru.nsu.belov.HeapsortTest" time="0.015"/>
  <testcase name="testSortEmpty()" classname="ru.nsu.belov.HeapsortTest" time="0.001"/>
  <testcase name="testSortPositive()" classname="ru.nsu.belov.HeapsortTest" time="0.001"/>
  <testcase name="testSortNegative()" classname="ru.nsu.belov.HeapsortTest" time="0.001"/>
  <system-out><![CDATA[]]></system-out>
  <system-err><![CDATA[]]></system-err>
</testsuite>
