<?xml version="1.0" encoding="UTF-8"?>
<testsuite name="ru.nsu.belov.ExpressionTest" tests="2" skipped="0" failures="0" errors="0" timestamp="2024-10-24T02:42:11" hostname="MacBook-Air-Danil-2.local" time="0.019">
  <properties/>
  <testcase name="testEvalWithMultipleVariables()" classname="ru.nsu.belov.ExpressionTest" time="0.017"/>
  <testcase name="testEvalWithStringVariables()" classname="ru.nsu.belov.ExpressionTest" time="0.001"/>
  <system-out><![CDATA[]]></system-out>
  <system-err><![CDATA[]]></system-err>
</testsuite>
