<?xml version="1.0" encoding="UTF-8"?>
<testsuite name="ru.nsu.belov.Tests" tests="1" skipped="0" failures="0" errors="0" timestamp="2025-02-19T11:16:26" hostname="MacBook-Air-Danil-2.local" time="0.698">
  <properties/>
  <testcase name="test()" classname="ru.nsu.belov.Tests" time="0.698"/>
  <system-out><![CDATA[]]></system-out>
  <system-err><![CDATA[[18:16:26:509] [INFO   ] Рабочий день начался! 
[18:16:26:512] [INFO   ] Пекарь Bname1 начал работу 
[18:16:26:512] [INFO   ] Курьер Cname2 начал работу 
[18:16:26:512] [INFO   ] Пекарь Bname2 начал работу 
[18:16:26:512] [INFO   ] Курьер Cname1 начал работу 
[18:16:26:513] [INFO   ] Заказ в Street1 получил номер: 1 
[18:16:26:525] [INFO   ] [1] [был добавлен в очередь] 
[18:16:26:526] [INFO   ] [1] [был взят курьером Bname1] 
[18:16:26:555] [INFO   ] Заказ в Street2 получил номер: 2 
[18:16:26:555] [INFO   ] [2] [был добавлен в очередь] 
[18:16:26:555] [INFO   ] [2] [был взят курьером Bname2] 
[18:16:26:632] [INFO   ] [1] [был закончен пекарем Bname1] 
[18:16:26:632] [INFO   ] [1] [был положен пекарем Bname1 на склад] 
[18:16:26:677] [INFO   ] [2] [был закончен пекарем Bname2] 
[18:16:26:678] [INFO   ] [2] [был положен пекарем Bname2 на склад] 
[18:16:26:678] [INFO   ] [2] [был собран курьером Cname1] 
[18:16:26:759] [INFO   ] Заказ в Street3 получил номер: 3 
[18:16:26:760] [INFO   ] [3] [был взят курьером Bname1] 
[18:16:26:760] [INFO   ] [3] [был добавлен в очередь] 
[18:16:26:784] [INFO   ] [2] [был доставлен курьером Cname1] 
[18:16:26:784] [INFO   ] Заказ в Street4 получил номер: 4 
[18:16:26:785] [INFO   ] [4] [был взят курьером Bname2] 
[18:16:26:785] [INFO   ] [4] [был добавлен в очередь] 
[18:16:26:855] [INFO   ] Заказ в Street5 получил номер: 5 
[18:16:26:856] [INFO   ] [5] [был добавлен в очередь] 
[18:16:26:865] [INFO   ] [3] [был закончен пекарем Bname1] 
[18:16:26:866] [INFO   ] [3] [был положен пекарем Bname1 на склад] 
[18:16:26:866] [INFO   ] [5] [был взят курьером Bname1] 
[18:16:26:866] [INFO   ] [1 3] [был собран курьером Cname2] 
[18:16:26:910] [INFO   ] [4] [был закончен пекарем Bname2] 
[18:16:26:910] [INFO   ] [4] [был положен пекарем Bname2 на склад] 
[18:16:26:910] [INFO   ] [4] [был собран курьером Cname1] 
[18:16:26:947] [INFO   ] Заказ в Street6 получил номер: 6 
[18:16:26:947] [INFO   ] [6] [был добавлен в очередь] 
[18:16:26:947] [INFO   ] [6] [был взят курьером Bname2] 
[18:16:26:966] [INFO   ] [4] [был доставлен курьером Cname1] 
[18:16:26:968] [INFO   ] [5] [был закончен пекарем Bname1] 
[18:16:26:968] [INFO   ] [5] [был положен пекарем Bname1 на склад] 
[18:16:26:968] [INFO   ] [5] [был собран курьером Cname1] 
[18:16:27:026] [INFO   ] Пиццерия закрыта! 
[18:16:27:050] [INFO   ] [1 3] [был доставлен курьером Cname2] 
[18:16:27:054] [INFO   ] [5] [был доставлен курьером Cname1] 
[18:16:27:073] [INFO   ] [6] [был закончен пекарем Bname2] 
[18:16:27:073] [INFO   ] [6] [был положен пекарем Bname2 на склад] 
[18:16:27:074] [INFO   ] [6] [был собран курьером Cname2] 
[18:16:27:074] [INFO   ] Пекарь Bname1 закончил работу 
[18:16:27:074] [INFO   ] Пекарь Bname2 закончил работу 
[18:16:27:087] [INFO   ] Заказ в Street7 был отменен 
[18:16:27:178] [INFO   ] [6] [был доставлен курьером Cname2] 
[18:16:27:178] [INFO   ] Рабочий день закончен! 
]]></system-err>
</testsuite>
